<?xml version="1.0" encoding="UTF-8"?>
<!-- Generated by org.testng.reporters.JUnitReportReporter -->
<testsuite hostname="LAPTOP-RF7CNPCF" failures="0" tests="1" name="testLayer.Amazon" time="12.181" errors="0" timestamp="2024-03-03T07:03:34 IST" skipped="0">
  <testcase classname="testLayer.Amazon" name="OpenAmazon" time="12.181"/>
  <system-out/>
</testsuite> <!-- testLayer.Amazon -->
